0 info it worked if it ends with ok
1 verbose cli [ '/home/leijiwen/software/node-v4.2.5/bin/node',
1 verbose cli   '/usr/local/bin/npm',
1 verbose cli   'run',
1 verbose cli   'server' ]
2 info using npm@3.3.12
3 info using node@v4.2.5
4 verbose run-script [ 'preserver', 'server', 'postserver' ]
5 info lifecycle redux-auth@0.0.1~preserver: redux-auth@0.0.1
6 silly lifecycle redux-auth@0.0.1~preserver: no script for preserver, continuing
7 info lifecycle redux-auth@0.0.1~server: redux-auth@0.0.1
8 verbose lifecycle redux-auth@0.0.1~server: unsafe-perm in lifecycle true
9 verbose lifecycle redux-auth@0.0.1~server: PATH: /home/leijiwen/software/node-v4.2.5/lib/node_modules/npm/bin/node-gyp-bin:/home/leijiwen/software/webstorm-workspace/redux-auth-master/node_modules/.bin:/home/leijiwen/software/gradle-2.6/bin:/usr/lib/jvm/java7/bin:/home/leijiwen/software/gradle-2.6/bin:/usr/local/sbin:/usr/local/bin:/usr/sbin:/usr/bin:/sbin:/bin:/usr/games:/usr/local/games:/home/leijiwen/Android/Sdk/platform-tools:/home/leijiwen/Android/sdk/tools:/home/leijiwen/Android/Sdk/tools:/home/leijiwen/Android/Sdk/build-tools:/home/leijiwen/software/apache-maven-3.2.5/bin:/home/leijiwen/software/node-v4.2.5/bin
10 verbose lifecycle redux-auth@0.0.1~server: CWD: /home/leijiwen/software/webstorm-workspace/redux-auth-master
11 silly lifecycle redux-auth@0.0.1~server: Args: [ '-c', 'node server/server.js' ]
12 silly lifecycle redux-auth@0.0.1~server: Returned: code: 1  signal: null
13 info lifecycle redux-auth@0.0.1~server: Failed to exec server script
14 verbose stack Error: redux-auth@0.0.1 server: `node server/server.js`
14 verbose stack Exit status 1
14 verbose stack     at EventEmitter.<anonymous> (/home/leijiwen/software/node-v4.2.5/lib/node_modules/npm/lib/utils/lifecycle.js:232:16)
14 verbose stack     at emitTwo (events.js:87:13)
14 verbose stack     at EventEmitter.emit (events.js:172:7)
14 verbose stack     at ChildProcess.<anonymous> (/home/leijiwen/software/node-v4.2.5/lib/node_modules/npm/lib/utils/spawn.js:24:14)
14 verbose stack     at emitTwo (events.js:87:13)
14 verbose stack     at ChildProcess.emit (events.js:172:7)
14 verbose stack     at maybeClose (internal/child_process.js:821:16)
14 verbose stack     at Process.ChildProcess._handle.onexit (internal/child_process.js:211:5)
15 verbose pkgid redux-auth@0.0.1
16 verbose cwd /home/leijiwen/software/webstorm-workspace/redux-auth-master
17 error Linux 3.16.0-71-generic
18 error argv "/home/leijiwen/software/node-v4.2.5/bin/node" "/usr/local/bin/npm" "run" "server"
19 error node v4.2.5
20 error npm  v3.3.12
21 error code ELIFECYCLE
22 error redux-auth@0.0.1 server: `node server/server.js`
22 error Exit status 1
23 error Failed at the redux-auth@0.0.1 server script 'node server/server.js'.
23 error Make sure you have the latest version of node.js and npm installed.
23 error If you do, this is most likely a problem with the redux-auth package,
23 error not with npm itself.
23 error Tell the author that this fails on your system:
23 error     node server/server.js
23 error You can get their info via:
23 error     npm owner ls redux-auth
23 error There is likely additional logging output above.
24 verbose exit [ 1, true ]
